<!DOCTYPE html PUBLIC "-//W3C//DTD XHTML 1.1//EN" "http://www.w3.org/TR/xhtml11/DTD/xhtml11.dtd">
<html xmlns="http://www.w3.org/1999/xhtml">
<head>
<meta http-equiv="content-type" content="text/html; charset=UTF-8"/>
<title>TestNG Report</title>
<style type="text/css">table {margin-bottom:10px;border-collapse:collapse;empty-cells:show}th,td {border:1px solid #009;padding:.25em .5em}th {vertical-align:bottom}td {vertical-align:top}table a {font-weight:bold}.stripe td {background-color: #E6EBF9}.num {text-align:right}.passedodd td {background-color: #3F3}.passedeven td {background-color: #0A0}.skippedodd td {background-color: #DDD}.skippedeven td {background-color: #CCC}.failedodd td,.attn {background-color: #F33}.failedeven td,.stripe .attn {background-color: #D00}.stacktrace {white-space:pre;font-family:monospace}.totop {font-size:85%;text-align:center;border-bottom:2px solid #000}.invisible {display:none}</style>
</head>
<body>
<table>
<tr><th>Test</th><th># Passed</th><th># Skipped</th><th># Failed</th><th>Time (ms)</th><th>Included Groups</th><th>Excluded Groups</th></tr>
<tr><th colspan="7">TN Test automtion regression suite</th></tr>
<tr><td><a href="#t0">Main Test </a></td><td class="num">0</td><td class="num">0</td><td class="num attn">1</td><td class="num">205,708</td><td></td><td></td></tr>
<tr class="stripe"><td><a href="#t1">Negative Test </a></td><td class="num">3</td><td class="num">0</td><td class="num">0</td><td class="num">13,141</td><td></td><td></td></tr>
<tr><th>Total</th><th class="num">3</th><th class="num">0</th><th class="num attn">1</th><th class="num">218,849</th><th colspan="2"></th></tr>
</table>
<table id='summary'><thead><tr><th>Class</th><th>Method</th><th>Start</th><th>Time (ms)</th></tr></thead><tbody><tr><th colspan="4">TN Test automtion regression suite</th></tr></tbody><tbody id="t0"><tr><th colspan="4">Main Test  &#8212; failed</th></tr><tr class="failedeven"><td rowspan="1">com.qa.maestroqa.test.MainTest</td><td><a href="#m0">flowOfRoiCalculatorTest</a></td><td rowspan="1">1631589821834</td><td rowspan="1">199165</td></tr></tbody>
<tbody id="t1"><tr><th colspan="4">Negative Test  &#8212; passed</th></tr><tr class="passedeven"><td rowspan="3">com.qa.maestroqa.test.NegativeTests</td><td><a href="#m1">cxTeamSizeIsLeftBlankTest</a></td><td rowspan="1">1631590025602</td><td rowspan="1">656</td></tr><tr class="passedeven"><td><a href="#m2">qaGradersIsLeftBlankTest</a></td><td rowspan="1">1631590029745</td><td rowspan="1">613</td></tr><tr class="passedeven"><td><a href="#m3">supportAgentTextBoxLeftBlankTest</a></td><td rowspan="1">1631590034017</td><td rowspan="1">635</td></tr></tbody>
</table>
<h2>Main Test </h2><h3 id="m0">com.qa.maestroqa.test.MainTest#flowOfRoiCalculatorTest</h3><table class="result"><tr><th>Exception</th></tr><tr><td><div class="stacktrace">org.openqa.selenium.TimeoutException: Expected condition failed: waiting for presence of element located by: By.xpath: //a[@class=&apos;gdrp-accept&apos;] (tried for 10 second(s) with 500 milliseconds interval)
	at org.openqa.selenium.support.ui.WebDriverWait.timeoutException(WebDriverWait.java:95)
	at org.openqa.selenium.support.ui.FluentWait.until(FluentWait.java:272)
	at com.qa.maestroqa.utils.ElementUtil.waitForElementPresent(ElementUtil.java:214)
	at com.qa.maestroqa.utils.ElementUtil.doClick(ElementUtil.java:56)
	at com.qa.maestroqa.pages.RoiCalculatorSection4.clickClose(RoiCalculatorSection4.java:53)
	at com.qa.maestroqa.test.MainTest.flowOfRoiCalculatorTest(MainTest.java:25)
Caused by: org.openqa.selenium.NoSuchElementException: no such element: Unable to locate element: {&quot;method&quot;:&quot;xpath&quot;,&quot;selector&quot;:&quot;//a[@class=&apos;gdrp-accept&apos;]&quot;}
  (Session info: chrome=93.0.4577.63)
For documentation on this error, please visit: https://www.seleniumhq.org/exceptions/no_such_element.html
Build info: version: &apos;3.141.59&apos;, revision: &apos;e82be7d358&apos;, time: &apos;2018-11-14T08:17:03&apos;
System info: host: &apos;LAPTOP-41VI2DO3&apos;, ip: &apos;192.168.91.1&apos;, os.name: &apos;Windows 10&apos;, os.arch: &apos;amd64&apos;, os.version: &apos;10.0&apos;, java.version: &apos;11.0.9&apos;
Driver info: org.openqa.selenium.chrome.ChromeDriver
Capabilities {acceptInsecureCerts: false, browserName: chrome, browserVersion: 93.0.4577.63, chrome: {chromedriverVersion: 93.0.4577.63 (ff5c0da2ec0ad..., userDataDir: C:\Users\rmoha\AppData\Loca...}, goog:chromeOptions: {debuggerAddress: localhost:57988}, javascriptEnabled: true, networkConnectionEnabled: false, pageLoadStrategy: normal, platform: WINDOWS, platformName: WINDOWS, proxy: Proxy(), setWindowRect: true, strictFileInteractability: false, timeouts: {implicit: 0, pageLoad: 300000, script: 30000}, unhandledPromptBehavior: dismiss and notify, webauthn:extension:credBlob: true, webauthn:extension:largeBlob: true, webauthn:virtualAuthenticators: true}
Session ID: eacd0fbb015952dc57404a97d5f6a42f
*** Element info: {Using=xpath, value=//a[@class=&apos;gdrp-accept&apos;]}
	at org.openqa.selenium.remote.http.W3CHttpResponseCodec.createException(W3CHttpResponseCodec.java:187)
	at org.openqa.selenium.remote.http.W3CHttpResponseCodec.decode(W3CHttpResponseCodec.java:122)
	at org.openqa.selenium.remote.http.W3CHttpResponseCodec.decode(W3CHttpResponseCodec.java:49)
	at org.openqa.selenium.remote.HttpCommandExecutor.execute(HttpCommandExecutor.java:158)
	at org.openqa.selenium.remote.service.DriverCommandExecutor.execute(DriverCommandExecutor.java:83)
	at org.openqa.selenium.remote.RemoteWebDriver.execute(RemoteWebDriver.java:552)
	at org.openqa.selenium.remote.RemoteWebDriver.findElement(RemoteWebDriver.java:323)
	at org.openqa.selenium.remote.RemoteWebDriver.findElementByXPath(RemoteWebDriver.java:428)
	at org.openqa.selenium.By$ByXPath.findElement(By.java:353)
	at org.openqa.selenium.remote.RemoteWebDriver.findElement(RemoteWebDriver.java:315)
	at org.openqa.selenium.support.ui.ExpectedConditions$6.apply(ExpectedConditions.java:182)
	at org.openqa.selenium.support.ui.ExpectedConditions$6.apply(ExpectedConditions.java:179)
	at org.openqa.selenium.support.ui.FluentWait.until(FluentWait.java:249)
	... 29 more
... Removed 29 stack frames</div></td></tr></table><p class="totop"><a href="#summary">back to summary</a></p>
<h2>Negative Test </h2><h3 id="m1">com.qa.maestroqa.test.NegativeTests#cxTeamSizeIsLeftBlankTest</h3><table class="result"><tr><th class="invisible"/></tr></table><p class="totop"><a href="#summary">back to summary</a></p>
<h3 id="m2">com.qa.maestroqa.test.NegativeTests#qaGradersIsLeftBlankTest</h3><table class="result"><tr><th class="invisible"/></tr></table><p class="totop"><a href="#summary">back to summary</a></p>
<h3 id="m3">com.qa.maestroqa.test.NegativeTests#supportAgentTextBoxLeftBlankTest</h3><table class="result"><tr><th class="invisible"/></tr></table><p class="totop"><a href="#summary">back to summary</a></p>
</body>
</html>
